  main.cpp
C:\Users\Chhatra\source\repos\GraphicsMidTerm\matrixTransformation.h(12,1): warning C4267: 'initializing': conversion from 'size_t' to 'int', possible loss of data
C:\Users\Chhatra\source\repos\GraphicsMidTerm\matrixTransformation.h(38,1): warning C4267: 'initializing': conversion from 'size_t' to 'int', possible loss of data
C:\Users\Chhatra\source\repos\GraphicsMidTerm\matrixTransformation.h(58,1): warning C4267: 'initializing': conversion from 'size_t' to 'int', possible loss of data
C:\Users\Chhatra\source\repos\GraphicsMidTerm\matrixTransformation.h(121,1): warning C4267: 'initializing': conversion from 'size_t' to 'int', possible loss of data
C:\Users\Chhatra\source\repos\GraphicsMidTerm\matrixTransformation.h(131,1): warning C4267: 'initializing': conversion from 'size_t' to 'int', possible loss of data
C:\Users\Chhatra\source\repos\GraphicsMidTerm\matrixTransformation.h(133,1): warning C4267: 'initializing': conversion from 'size_t' to 'int', possible loss of data
C:\Users\Chhatra\source\repos\GraphicsMidTerm\matrixTransformation.h(229,1): warning C4267: 'initializing': conversion from 'size_t' to 'int', possible loss of data
C:\Users\Chhatra\source\repos\GraphicsMidTerm\Camera.h(155,1): warning C4305: '=': truncation from 'double' to 'float'
C:\Users\Chhatra\source\repos\GraphicsMidTerm\Projection.h(7,10): warning C4067: unexpected tokens following preprocessor directive - expected a newline
C:\Users\Chhatra\source\repos\GraphicsMidTerm\Object3d.h(46,1): warning C4267: 'initializing': conversion from 'size_t' to 'int', possible loss of data
C:\Users\Chhatra\source\repos\GraphicsMidTerm\Object3d.h(52,1): warning C4267: 'initializing': conversion from 'size_t' to 'int', possible loss of data
C:\Users\Chhatra\source\repos\GraphicsMidTerm\ObjReader.h(23,1): warning C4267: 'initializing': conversion from 'size_t' to 'int', possible loss of data
C:\Users\Chhatra\source\repos\GraphicsMidTerm\ObjReader.h(58,1): warning C4267: 'initializing': conversion from 'size_t' to 'int', possible loss of data
C:\Users\Chhatra\source\repos\GraphicsMidTerm\ObjReader.h(84,1): warning C4267: 'initializing': conversion from 'size_t' to 'int', possible loss of data
C:\Users\Chhatra\source\repos\GraphicsMidTerm\ObjReader.h(93,1): warning C4267: 'initializing': conversion from 'size_t' to 'int', possible loss of data
C:\Users\Chhatra\source\repos\GraphicsMidTerm\ObjReader.h(99,1): warning C4267: 'initializing': conversion from 'size_t' to 'int', possible loss of data
C:\Users\Chhatra\source\repos\GraphicsMidTerm\ObjReader.h(133,1): warning C4267: 'initializing': conversion from 'size_t' to 'int', possible loss of data
C:\Users\Chhatra\source\repos\GraphicsMidTerm\ObjReader.h(144,1): warning C4267: 'initializing': conversion from 'size_t' to 'int', possible loss of data
C:\Users\Chhatra\source\repos\GraphicsMidTerm\ObjReader.h(158,1): warning C4267: 'initializing': conversion from 'size_t' to 'int', possible loss of data
C:\Users\Chhatra\source\repos\GraphicsMidTerm\ObjReader.h(165,1): warning C4267: 'initializing': conversion from 'size_t' to 'int', possible loss of data
C:\Users\Chhatra\source\repos\GraphicsMidTerm\ObjReader.h(173,1): warning C4267: 'initializing': conversion from 'size_t' to 'int', possible loss of data
C:\Users\Chhatra\source\repos\GraphicsMidTerm\ObjReader.h(175,1): warning C4267: 'initializing': conversion from 'size_t' to 'int', possible loss of data
C:\Users\Chhatra\source\repos\GraphicsMidTerm\ObjReader.h(186,1): warning C4267: 'initializing': conversion from 'size_t' to 'int', possible loss of data
C:\Users\Chhatra\source\repos\GraphicsMidTerm\ObjReader.h(199,1): warning C4267: 'initializing': conversion from 'size_t' to 'int', possible loss of data
C:\Users\Chhatra\source\repos\GraphicsMidTerm\ObjReader.h(209,1): warning C4267: 'initializing': conversion from 'size_t' to 'int', possible loss of data
C:\Users\Chhatra\source\repos\GraphicsMidTerm\SoftwareRenderer.h(52,34): warning C4244: 'argument': conversion from 'int' to 'float', possible loss of data
C:\Users\Chhatra\source\repos\GraphicsMidTerm\SoftwareRenderer.h(52,25): warning C4244: 'argument': conversion from 'int' to 'float', possible loss of data
C:\Users\Chhatra\source\repos\GraphicsMidTerm\SoftwareRenderer.h(54,1): warning C4305: 'argument': truncation from 'double' to 'float'
  GraphicsMidTerm.vcxproj -> C:\Users\Chhatra\source\repos\GraphicsMidTerm\x64\Debug\GraphicsMidTerm.exe
